Java/ConquistApp/app/build/intermediates/manifest_merge_blame_file/debug/manifest-merger-blame-debug-report.txt
1<?xml version="1.0" encoding="utf-8"?>
2<manifest xmlns:android="http://schemas.android.com/apk/res/android"
3    package="br.gov.ba.pmvc.vcapp"
4    android:versionCode="1"
5    android:versionName="1.0" >
6
7    <uses-sdk
8        android:minSdkVersion="19"
8-->src/main/AndroidManifest.xml
9        android:targetSdkVersion="29" />
9-->src/main/AndroidManifest.xml
10    <!-- Permissões -->
11    <uses-permission android:name="android.permission.INTERNET" />
11-->src/main/AndroidManifest.xml:6:5-67
11-->src/main/AndroidManifest.xml:6:22-64
12    <uses-permission android:name="android.permission.ACCESS_WIFI_STATE" />
12-->src/main/AndroidManifest.xml:7:5-76
12-->src/main/AndroidManifest.xml:7:22-73
13    <uses-permission android:name="android.permission.DOWNLOAD_WITHOUT_NOTIFICATION" />
13-->src/main/AndroidManifest.xml:8:5-88
13-->src/main/AndroidManifest.xml:8:22-85
14    <uses-permission android:name="android.permission.ACCESS_NETWORK_STATE" />
14-->src/main/AndroidManifest.xml:9:5-79
14-->src/main/AndroidManifest.xml:9:22-76
15    <uses-permission android:name="android.permission.WRITE_EXTERNAL_STORAGE" />
15-->src/main/AndroidManifest.xml:10:5-81
15-->src/main/AndroidManifest.xml:10:22-78
16    <uses-permission android:name="android.permission.READ_EXTERNAL_STORAGE" />
16-->src/main/AndroidManifest.xml:11:5-80
16-->src/main/AndroidManifest.xml:11:22-77
17    <uses-permission android:name="android.permission.FOREGROUND_SERVICE" />
17-->src/main/AndroidManifest.xml:12:5-77
17-->src/main/AndroidManifest.xml:12:22-74
18
19    <!-- <uses-permission android:name="android.permission.ACCESS_WIFI_STATE" /> -->
20    <uses-permission android:name="android.permission.RECEIVE_BOOT_COMPLETED" />
20-->[vpnsdk-android.aar] AndroidManifest.xml:14:5-81
20-->[vpnsdk-android.aar] AndroidManifest.xml:14:22-78
21    <uses-permission android:name="android.permission.CAMERA" /> <!-- Don't require camera, as this requires a rear camera. This allows it to work on the Nexus 7 -->
21-->[com.journeyapps:zxing-android-embedded:3.6.0] AndroidManifest.xml:22:5-65
21-->[com.journeyapps:zxing-android-embedded:3.6.0] AndroidManifest.xml:22:22-62
22    <uses-feature
22-->[com.journeyapps:zxing-android-embedded:3.6.0] AndroidManifest.xml:25:5-27:36
23        android:name="android.hardware.camera"
23-->[com.journeyapps:zxing-android-embedded:3.6.0] AndroidManifest.xml:26:9-47
24        android:required="false" />
24-->[com.journeyapps:zxing-android-embedded:3.6.0] AndroidManifest.xml:27:9-33
25    <uses-feature
25-->[com.journeyapps:zxing-android-embedded:3.6.0] AndroidManifest.xml:28:5-30:36
26        android:name="android.hardware.camera.front"
26-->[com.journeyapps:zxing-android-embedded:3.6.0] AndroidManifest.xml:29:9-53
27        android:required="false" /> <!-- TODO replace above two with next line after Android 4.2 -->
27-->[com.journeyapps:zxing-android-embedded:3.6.0] AndroidManifest.xml:30:9-33
28    <!-- <uses-feature android:name="android.hardware.camera.any"/> -->
29    <uses-feature
29-->[com.journeyapps:zxing-android-embedded:3.6.0] AndroidManifest.xml:33:5-35:36
30        android:name="android.hardware.camera.autofocus"
30-->[com.journeyapps:zxing-android-embedded:3.6.0] AndroidManifest.xml:34:9-57
31        android:required="false" />
31-->[com.journeyapps:zxing-android-embedded:3.6.0] AndroidManifest.xml:35:9-33
32    <uses-feature
32-->[com.journeyapps:zxing-android-embedded:3.6.0] AndroidManifest.xml:36:5-38:36
33        android:name="android.hardware.camera.flash"
33-->[com.journeyapps:zxing-android-embedded:3.6.0] AndroidManifest.xml:37:9-53
34        android:required="false" />
34-->[com.journeyapps:zxing-android-embedded:3.6.0] AndroidManifest.xml:38:9-33
35    <uses-feature
35-->[com.journeyapps:zxing-android-embedded:3.6.0] AndroidManifest.xml:39:5-41:36
36        android:name="android.hardware.screen.landscape"
36-->[com.journeyapps:zxing-android-embedded:3.6.0] AndroidManifest.xml:40:9-57
37        android:required="false" />
37-->[com.journeyapps:zxing-android-embedded:3.6.0] AndroidManifest.xml:41:9-33
38    <uses-feature
38-->[com.journeyapps:zxing-android-embedded:3.6.0] AndroidManifest.xml:42:5-44:36
39        android:name="android.hardware.wifi"
39-->[com.journeyapps:zxing-android-embedded:3.6.0] AndroidManifest.xml:43:9-45
40        android:required="false" />
40-->[com.journeyapps:zxing-android-embedded:3.6.0] AndroidManifest.xml:44:9-33
41
42    <application
42-->src/main/AndroidManifest.xml:14:5-80:19
43        android:name="br.gov.ba.pmvc.vcapp.MainApplication"
43-->src/main/AndroidManifest.xml:15:9-40
44        android:allowBackup="true"
44-->src/main/AndroidManifest.xml:16:9-35
45        android:appComponentFactory="androidx.core.app.CoreComponentFactory"
45-->[androidx.core:core:1.3.2] AndroidManifest.xml:24:18-86
46        android:debuggable="true"
47        android:hardwareAccelerated="true"
47-->src/main/AndroidManifest.xml:17:9-43
48        android:icon="@mipmap/ic_launcher"
48-->src/main/AndroidManifest.xml:18:9-43
49        android:label="@string/app_name"
49-->src/main/AndroidManifest.xml:19:9-41
50        android:networkSecurityConfig="@xml/network_security_config"
50-->src/main/AndroidManifest.xml:20:9-69
51        android:requestLegacyExternalStorage="true"
51-->src/main/AndroidManifest.xml:21:9-52
52        android:roundIcon="@mipmap/ic_launcher_round"
52-->src/main/AndroidManifest.xml:22:9-54
53        android:supportsRtl="true"
53-->src/main/AndroidManifest.xml:23:9-35
54        android:testOnly="true"
55        android:theme="@style/AppTheme"
55-->src/main/AndroidManifest.xml:24:9-40
56        android:usesCleartextTraffic="true" >
56-->src/main/AndroidManifest.xml:25:9-44
57        <provider
58            android:name="androidx.core.content.FileProvider"
58-->src/main/AndroidManifest.xml:29:13-62
59            android:authorities="br.gov.ba.pmvc.vcapp.provider"
59-->src/main/AndroidManifest.xml:30:13-60
60            android:exported="false"
60-->src/main/AndroidManifest.xml:31:13-37
61            android:grantUriPermissions="true" >
61-->src/main/AndroidManifest.xml:32:13-47
62            <meta-data
62-->src/main/AndroidManifest.xml:33:13-35:58
63                android:name="android.support.FILE_PROVIDER_PATHS"
63-->src/main/AndroidManifest.xml:34:17-67
64                android:resource="@xml/provider_paths" />
64-->src/main/AndroidManifest.xml:35:17-55
65        </provider>
66
67        <activity
67-->src/main/AndroidManifest.xml:38:9-40:51
68            android:name="br.gov.ba.pmvc.vcapp.LoginActivity"
68-->src/main/AndroidManifest.xml:39:13-42
69            android:theme="@style/MainActivity" />
69-->src/main/AndroidManifest.xml:40:13-48
70        <activity
70-->src/main/AndroidManifest.xml:41:9-50:20
71            android:name="br.gov.ba.pmvc.vcapp.SplashScreenActivity"
71-->src/main/AndroidManifest.xml:42:13-49
72            android:screenOrientation="portrait"
72-->src/main/AndroidManifest.xml:43:13-49
73            android:theme="@style/SplashTheme" >
73-->src/main/AndroidManifest.xml:44:13-47
74            <intent-filter>
74-->src/main/AndroidManifest.xml:45:13-49:29
75                <action android:name="android.intent.action.MAIN" />
75-->src/main/AndroidManifest.xml:46:17-69
75-->src/main/AndroidManifest.xml:46:25-66
76
77                <category android:name="android.intent.category.LAUNCHER" />
77-->src/main/AndroidManifest.xml:48:17-77
77-->src/main/AndroidManifest.xml:48:27-74
78            </intent-filter>
79        </activity> <!-- <activity -->
80        <!-- android:name=".MainApplication" /> -->
81        <activity
81-->src/main/AndroidManifest.xml:52:9-61:20
82            android:name="br.gov.ba.pmvc.vcapp.main.MainActivity"
82-->src/main/AndroidManifest.xml:53:13-46
83            android:configChanges="orientation|screenSize"
83-->src/main/AndroidManifest.xml:54:13-59
84            android:theme="@style/MainActivity" >
84-->src/main/AndroidManifest.xml:55:13-48
85            <intent-filter>
85-->src/main/AndroidManifest.xml:56:13-60:29
86                <action android:name="android.intent.action.MAIN" />
86-->src/main/AndroidManifest.xml:46:17-69
86-->src/main/AndroidManifest.xml:46:25-66
87
88                <category android:name="android.intent.category.HOME" />
88-->src/main/AndroidManifest.xml:59:17-73
88-->src/main/AndroidManifest.xml:59:27-70
89            </intent-filter>
90        </activity>
91        <activity
91-->src/main/AndroidManifest.xml:62:9-74:20
92            android:name="br.gov.ba.pmvc.vcapp.WebViewActivity"
92-->src/main/AndroidManifest.xml:63:13-44
93            android:configChanges="orientation|screenSize"
93-->src/main/AndroidManifest.xml:64:13-59
94            android:hardwareAccelerated="true"
94-->src/main/AndroidManifest.xml:65:13-47
95            android:label="@string/app_name"
95-->src/main/AndroidManifest.xml:66:13-45
96            android:screenOrientation="sensor"
96-->src/main/AndroidManifest.xml:67:13-47
97            android:theme="@style/WebView" >
97-->src/main/AndroidManifest.xml:68:13-43
98            <intent-filter>
98-->src/main/AndroidManifest.xml:56:13-60:29
99                <action android:name="android.intent.action.MAIN" />
99-->src/main/AndroidManifest.xml:46:17-69
99-->src/main/AndroidManifest.xml:46:25-66
100
101                <category android:name="android.intent.category.HOME" />
101-->src/main/AndroidManifest.xml:59:17-73
101-->src/main/AndroidManifest.xml:59:27-70
102            </intent-filter>
103        </activity>
104
105        <uses-library
105-->src/main/AndroidManifest.xml:76:9-78:40
106            android:name="org.apache.http.legacy"
106-->src/main/AndroidManifest.xml:77:13-50
107            android:required="false" /> <!-- SmiSdk Intent Service required for all APIs -->
107-->src/main/AndroidManifest.xml:78:13-37
108        <service android:name="com.datami.smi.SmiIntentService" />
108-->src/main/AndroidManifest.xml:79:9-67
108-->src/main/AndroidManifest.xml:79:18-64
109
110        <activity
110-->[vpnsdk-android.aar] AndroidManifest.xml:18:9-21:56
111            android:name="com.datami.smi.ui.VpnPermissionActivity"
111-->[vpnsdk-android.aar] AndroidManifest.xml:19:13-67
112            android:configChanges="orientation|screenSize|keyboard|keyboardHidden"
112-->[vpnsdk-android.aar] AndroidManifest.xml:20:13-83
113            android:theme="@style/Theme.Transparent" />
113-->[vpnsdk-android.aar] AndroidManifest.xml:21:13-53
114
115        <service android:name="com.datami.smi.wrapper.SmiVPNHandler" />
115-->[vpnsdk-android.aar] AndroidManifest.xml:23:9-72
115-->[vpnsdk-android.aar] AndroidManifest.xml:23:18-69
116        <service
116-->[vpnsdk-android.aar] AndroidManifest.xml:24:9-31:19
117            android:name="de.blinkt.openvpn.core.OpenVPNService"
117-->[vpnsdk-android.aar] AndroidManifest.xml:25:13-65
118            android:permission="android.permission.BIND_VPN_SERVICE"
118-->[vpnsdk-android.aar] AndroidManifest.xml:26:13-69
119            android:process=":openvpn" >
119-->[vpnsdk-android.aar] AndroidManifest.xml:27:13-39
120            <intent-filter>
120-->[vpnsdk-android.aar] AndroidManifest.xml:28:13-30:29
121                <action android:name="android.net.VpnService" />
121-->[vpnsdk-android.aar] AndroidManifest.xml:29:17-65
121-->[vpnsdk-android.aar] AndroidManifest.xml:29:25-62
122            </intent-filter>
123        </service>
124        <service
124-->[vpnsdk-android.aar] AndroidManifest.xml:32:9-35:42
125            android:name="de.blinkt.openvpn.core.OpenVPNStatusService"
125-->[vpnsdk-android.aar] AndroidManifest.xml:33:13-71
126            android:exported="false"
126-->[vpnsdk-android.aar] AndroidManifest.xml:34:13-37
127            android:process=":openvpn" />
127-->[vpnsdk-android.aar] AndroidManifest.xml:35:13-39
128
129        <activity
129-->[com.journeyapps:zxing-android-embedded:3.6.0] AndroidManifest.xml:47:9-53:63
130            android:name="com.journeyapps.barcodescanner.CaptureActivity"
130-->[com.journeyapps:zxing-android-embedded:3.6.0] AndroidManifest.xml:48:13-74
131            android:clearTaskOnLaunch="true"
131-->[com.journeyapps:zxing-android-embedded:3.6.0] AndroidManifest.xml:49:13-45
132            android:screenOrientation="sensorLandscape"
132-->[com.journeyapps:zxing-android-embedded:3.6.0] AndroidManifest.xml:50:13-56
133            android:stateNotNeeded="true"
133-->[com.journeyapps:zxing-android-embedded:3.6.0] AndroidManifest.xml:51:13-42
134            android:theme="@style/zxing_CaptureTheme"
134-->[com.journeyapps:zxing-android-embedded:3.6.0] AndroidManifest.xml:52:13-54
135            android:windowSoftInputMode="stateAlwaysHidden" />
135-->[com.journeyapps:zxing-android-embedded:3.6.0] AndroidManifest.xml:53:13-60
136
137        <service
137-->[androidx.room:room-runtime:2.2.6] AndroidManifest.xml:25:9-28:40
138            android:name="androidx.room.MultiInstanceInvalidationService"
138-->[androidx.room:room-runtime:2.2.6] AndroidManifest.xml:26:13-74
139            android:directBootAware="true"
139-->[androidx.room:room-runtime:2.2.6] AndroidManifest.xml:27:13-43
140            android:exported="false" />
140-->[androidx.room:room-runtime:2.2.6] AndroidManifest.xml:28:13-37
141    </application>
142
143</manifest>